\BOOKMARK [1][-]{section.1}{String}{}% 1
\BOOKMARK [2][-]{subsection.1.1}{AhoCorasickAutomaton}{section.1}% 2
\BOOKMARK [2][-]{subsection.1.2}{KMP}{section.1}% 3
\BOOKMARK [2][-]{subsection.1.3}{Manacher}{section.1}% 4
\BOOKMARK [2][-]{subsection.1.4}{PalindromicTree}{section.1}% 5
\BOOKMARK [2][-]{subsection.1.5}{TrieTree}{section.1}% 6
\BOOKMARK [1][-]{section.2}{Math}{}% 7
\BOOKMARK [2][-]{subsection.2.1}{Catalan}{section.2}% 8
\BOOKMARK [2][-]{subsection.2.2}{Derangement}{section.2}% 9
\BOOKMARK [2][-]{subsection.2.3}{Euler}{section.2}% 10
\BOOKMARK [3][-]{subsubsection.2.3.1}{Euler}{subsection.2.3}% 11
\BOOKMARK [3][-]{subsubsection.2.3.2}{Screen}{subsection.2.3}% 12
\BOOKMARK [3][-]{subsubsection.2.3.3}{Sieve}{subsection.2.3}% 13
\BOOKMARK [2][-]{subsection.2.4}{FFT}{section.2}% 14
\BOOKMARK [2][-]{subsection.2.5}{Fibonacci}{section.2}% 15
\BOOKMARK [2][-]{subsection.2.6}{GeneratingFunction}{section.2}% 16
\BOOKMARK [2][-]{subsection.2.7}{InverseElement}{section.2}% 17
\BOOKMARK [3][-]{subsubsection.2.7.1}{ExtendGcd}{subsection.2.7}% 18
\BOOKMARK [3][-]{subsubsection.2.7.2}{Factorial}{subsection.2.7}% 19
\BOOKMARK [3][-]{subsubsection.2.7.3}{FermatLittleTheorem}{subsection.2.7}% 20
\BOOKMARK [3][-]{subsubsection.2.7.4}{Recursive}{subsection.2.7}% 21
\BOOKMARK [2][-]{subsection.2.8}{Mobius}{section.2}% 22
\BOOKMARK [2][-]{subsection.2.9}{NimGame}{section.2}% 23
\BOOKMARK [2][-]{subsection.2.10}{Prime}{section.2}% 24
\BOOKMARK [3][-]{subsubsection.2.10.1}{PrimeFactor}{subsection.2.10}% 25
\BOOKMARK [3][-]{subsubsection.2.10.2}{SieveOfEratosthenes}{subsection.2.10}% 26
\BOOKMARK [2][-]{subsection.2.11}{QuickPow}{section.2}% 27
\BOOKMARK [2][-]{subsection.2.12}{Stirling}{section.2}% 28
\BOOKMARK [1][-]{section.3}{DataStructure}{}% 29
\BOOKMARK [2][-]{subsection.3.1}{BinaryIndexedTree}{section.3}% 30
\BOOKMARK [2][-]{subsection.3.2}{DfsOrder}{section.3}% 31
\BOOKMARK [2][-]{subsection.3.3}{FunctionalSegmentTree}{section.3}% 32
\BOOKMARK [2][-]{subsection.3.4}{Hash}{section.3}% 33
\BOOKMARK [2][-]{subsection.3.5}{MultipleTree}{section.3}% 34
\BOOKMARK [2][-]{subsection.3.6}{SegmentTree}{section.3}% 35
\BOOKMARK [2][-]{subsection.3.7}{SplayTree}{section.3}% 36
\BOOKMARK [1][-]{section.4}{GraphTheory}{}% 37
\BOOKMARK [2][-]{subsection.4.1}{AStar}{section.4}% 38
\BOOKMARK [2][-]{subsection.4.2}{LCA}{section.4}% 39
\BOOKMARK [3][-]{subsubsection.4.2.1}{DFS+ST}{subsection.4.2}% 40
\BOOKMARK [3][-]{subsubsection.4.2.2}{Tarjan}{subsection.4.2}% 41
\BOOKMARK [2][-]{subsection.4.3}{MinimumSpanningTree}{section.4}% 42
\BOOKMARK [3][-]{subsubsection.4.3.1}{Kruskal}{subsection.4.3}% 43
\BOOKMARK [3][-]{subsubsection.4.3.2}{Prim}{subsection.4.3}% 44
\BOOKMARK [2][-]{subsection.4.4}{NetFlow}{section.4}% 45
\BOOKMARK [3][-]{subsubsection.4.4.1}{Dinic}{subsection.4.4}% 46
\BOOKMARK [3][-]{subsubsection.4.4.2}{FordFulkerson}{subsection.4.4}% 47
\BOOKMARK [3][-]{subsubsection.4.4.3}{MaxFlow}{subsection.4.4}% 48
\BOOKMARK [3][-]{subsubsection.4.4.4}{MinCostMaxFlow}{subsection.4.4}% 49
\BOOKMARK [2][-]{subsection.4.5}{ShortestPath}{section.4}% 50
\BOOKMARK [3][-]{subsubsection.4.5.1}{BellmanFord}{subsection.4.5}% 51
\BOOKMARK [3][-]{subsubsection.4.5.2}{Dijkstra}{subsection.4.5}% 52
\BOOKMARK [3][-]{subsubsection.4.5.3}{Floyd}{subsection.4.5}% 53
\BOOKMARK [3][-]{subsubsection.4.5.4}{SPFA}{subsection.4.5}% 54
\BOOKMARK [1][-]{section.5}{DynamicProgramming}{}% 55
\BOOKMARK [2][-]{subsection.5.1}{Contour}{section.5}% 56
\BOOKMARK [2][-]{subsection.5.2}{Digit}{section.5}% 57
\BOOKMARK [2][-]{subsection.5.3}{LCS}{section.5}% 58
\BOOKMARK [2][-]{subsection.5.4}{LIS}{section.5}% 59
\BOOKMARK [2][-]{subsection.5.5}{Pack}{section.5}% 60
\BOOKMARK [1][-]{section.6}{Geometry}{}% 61
\BOOKMARK [2][-]{subsection.6.1}{JlsGeo}{section.6}% 62
\BOOKMARK [2][-]{subsection.6.2}{Plane}{section.6}% 63
\BOOKMARK [2][-]{subsection.6.3}{Simpson}{section.6}% 64
\BOOKMARK [2][-]{subsection.6.4}{Stereoscopic}{section.6}% 65
\BOOKMARK [1][-]{section.7}{Others}{}% 66
\BOOKMARK [2][-]{subsection.7.1}{FastIO}{section.7}% 67
\BOOKMARK [2][-]{subsection.7.2}{LeepYear}{section.7}% 68
\BOOKMARK [2][-]{subsection.7.3}{vim}{section.7}% 69
