\BOOKMARK [1][-]{section.1}{String}{}% 1
\BOOKMARK [2][-]{subsection.1.1}{AhoCorasickAutomaton}{section.1}% 2
\BOOKMARK [2][-]{subsection.1.2}{KMP}{section.1}% 3
\BOOKMARK [2][-]{subsection.1.3}{Manacher}{section.1}% 4
\BOOKMARK [2][-]{subsection.1.4}{PalindromicTree}{section.1}% 5
\BOOKMARK [1][-]{section.2}{Math}{}% 6
\BOOKMARK [2][-]{subsection.2.1}{Catalan}{section.2}% 7
\BOOKMARK [2][-]{subsection.2.2}{Derangement}{section.2}% 8
\BOOKMARK [2][-]{subsection.2.3}{Euler}{section.2}% 9
\BOOKMARK [3][-]{subsubsection.2.3.1}{Euler}{subsection.2.3}% 10
\BOOKMARK [3][-]{subsubsection.2.3.2}{PrimeEuler}{subsection.2.3}% 11
\BOOKMARK [3][-]{subsubsection.2.3.3}{Sieve}{subsection.2.3}% 12
\BOOKMARK [2][-]{subsection.2.4}{FFT}{section.2}% 13
\BOOKMARK [2][-]{subsection.2.5}{Fibonacci}{section.2}% 14
\BOOKMARK [2][-]{subsection.2.6}{GeneratingFunction}{section.2}% 15
\BOOKMARK [2][-]{subsection.2.7}{InverseElement}{section.2}% 16
\BOOKMARK [3][-]{subsubsection.2.7.1}{ExtendGcd}{subsection.2.7}% 17
\BOOKMARK [3][-]{subsubsection.2.7.2}{Factorial}{subsection.2.7}% 18
\BOOKMARK [3][-]{subsubsection.2.7.3}{FermatLittleTheorem}{subsection.2.7}% 19
\BOOKMARK [3][-]{subsubsection.2.7.4}{Recursive}{subsection.2.7}% 20
\BOOKMARK [2][-]{subsection.2.8}{Prime}{section.2}% 21
\BOOKMARK [3][-]{subsubsection.2.8.1}{PrimeFactor}{subsection.2.8}% 22
\BOOKMARK [3][-]{subsubsection.2.8.2}{SieveOfEratosthenes}{subsection.2.8}% 23
\BOOKMARK [2][-]{subsection.2.9}{QuickPow}{section.2}% 24
\BOOKMARK [2][-]{subsection.2.10}{Stirling}{section.2}% 25
\BOOKMARK [1][-]{section.3}{DataStructure}{}% 26
\BOOKMARK [2][-]{subsection.3.1}{BinaryIndexedTree}{section.3}% 27
\BOOKMARK [2][-]{subsection.3.2}{DfsOrder}{section.3}% 28
\BOOKMARK [2][-]{subsection.3.3}{SegmentTree}{section.3}% 29
\BOOKMARK [3][-]{subsubsection.3.3.1}{SegmentTree}{subsection.3.3}% 30
\BOOKMARK [3][-]{subsubsection.3.3.2}{SegmentTreestruct}{subsection.3.3}% 31
\BOOKMARK [2][-]{subsection.3.4}{Splay}{section.3}% 32
\BOOKMARK [3][-]{subsubsection.3.4.1}{SplayTree}{subsection.3.4}% 33
\BOOKMARK [3][-]{subsubsection.3.4.2}{SplayTreeArray}{subsection.3.4}% 34
\BOOKMARK [2][-]{subsection.3.5}{TrieTree}{section.3}% 35
\BOOKMARK [1][-]{section.4}{GraphTheory}{}% 36
\BOOKMARK [2][-]{subsection.4.1}{LCA}{section.4}% 37
\BOOKMARK [3][-]{subsubsection.4.1.1}{DFS+ST}{subsection.4.1}% 38
\BOOKMARK [3][-]{subsubsection.4.1.2}{Tarjan}{subsection.4.1}% 39
\BOOKMARK [2][-]{subsection.4.2}{MinimumSpanningTree}{section.4}% 40
\BOOKMARK [3][-]{subsubsection.4.2.1}{Kruskal}{subsection.4.2}% 41
\BOOKMARK [3][-]{subsubsection.4.2.2}{Prim}{subsection.4.2}% 42
\BOOKMARK [2][-]{subsection.4.3}{NetworkFlow}{section.4}% 43
\BOOKMARK [3][-]{subsubsection.4.3.1}{Dinic}{subsection.4.3}% 44
\BOOKMARK [3][-]{subsubsection.4.3.2}{FordFulkerson}{subsection.4.3}% 45
\BOOKMARK [3][-]{subsubsection.4.3.3}{MinCostMaxFlow}{subsection.4.3}% 46
\BOOKMARK [2][-]{subsection.4.4}{ShortestPath}{section.4}% 47
\BOOKMARK [3][-]{subsubsection.4.4.1}{BellmanFord}{subsection.4.4}% 48
\BOOKMARK [3][-]{subsubsection.4.4.2}{Dijkstra}{subsection.4.4}% 49
\BOOKMARK [3][-]{subsubsection.4.4.3}{Floyd}{subsection.4.4}% 50
\BOOKMARK [3][-]{subsubsection.4.4.4}{SPFA}{subsection.4.4}% 51
\BOOKMARK [1][-]{section.5}{DynamicProgramming}{}% 52
\BOOKMARK [2][-]{subsection.5.1}{Contour}{section.5}% 53
\BOOKMARK [2][-]{subsection.5.2}{Digit}{section.5}% 54
\BOOKMARK [2][-]{subsection.5.3}{LCS}{section.5}% 55
\BOOKMARK [2][-]{subsection.5.4}{LIS}{section.5}% 56
\BOOKMARK [2][-]{subsection.5.5}{Pack}{section.5}% 57
\BOOKMARK [1][-]{section.6}{ComputationalGeometry}{}% 58
\BOOKMARK [1][-]{section.7}{Others}{}% 59
\BOOKMARK [2][-]{subsection.7.1}{Factorial}{section.7}% 60
\BOOKMARK [2][-]{subsection.7.2}{FastIO}{section.7}% 61
\BOOKMARK [2][-]{subsection.7.3}{LeepYear}{section.7}% 62
\BOOKMARK [2][-]{subsection.7.4}{NimGame}{section.7}% 63
\BOOKMARK [2][-]{subsection.7.5}{vim}{section.7}% 64
